<?xml version="1.0" encoding="UTF-8"?>
<testsuite name="impl.DocumentationPageTests" tests="1" skipped="0" failures="0" errors="0" timestamp="2021-01-21T13:19:15" hostname="DESKTOP-VHT1LTH" time="12.738">
  <properties/>
  <testcase name="checkCodeExamplesArePresent" classname="impl.DocumentationPageTests" time="12.738"/>
  <system-out><![CDATA[]]></system-out>
  <system-err><![CDATA[SLF4J: Failed to load class "org.slf4j.impl.StaticLoggerBinder".
SLF4J: Defaulting to no-operation (NOP) logger implementation
SLF4J: See http://www.slf4j.org/codes.html#StaticLoggerBinder for further details.
Starting ChromeDriver 87.0.4280.88 (89e2380a3e36c3464b5dd1302349b1382549290d-refs/branch-heads/4280@{#1761}) on port 35112
Only local connections are allowed.
Please see https://chromedriver.chromium.org/security-considerations for suggestions on keeping ChromeDriver safe.
ChromeDriver was started successfully.
Jan 21, 2021 3:19:22 PM org.openqa.selenium.remote.ProtocolHandshake createSession
INFO: Detected dialect: W3C
]]></system-err>
</testsuite>
